[14:53:59] [Client thread/INFO]: Setting user: Player407
[14:54:01] [Client thread/INFO]: LWJGL Version: 2.9.1
[14:54:03] [Client thread/INFO]: Reloading ResourceManager: Default, FMLFileResourcePack:Forge Mod Loader, FMLFileResourcePack:Minecraft Forge, FMLFileResourcePack:Tutorial Mod
[14:54:03] [Sound Library Loader/INFO]: Starting up SoundSystem...
[14:54:03] [Thread-7/INFO]: Initializing LWJGL OpenAL
[14:54:03] [Thread-7/INFO]: (The LWJGL binding of OpenAL.  For more information, see http://www.lwjgl.org)
[14:54:03] [Thread-7/INFO]: OpenAL initialized.
[14:54:04] [Sound Library Loader/INFO]: Sound engine started
[14:54:05] [Client thread/INFO]: Created: 512x512 textures-atlas
[14:54:06] [Client thread/INFO]: Reloading ResourceManager: Default, FMLFileResourcePack:Forge Mod Loader, FMLFileResourcePack:Minecraft Forge, FMLFileResourcePack:Tutorial Mod
[14:54:06] [Client thread/INFO]: SoundSystem shutting down...
[14:54:06] [Client thread/WARN]: Author: Paul Lamb, www.paulscode.com
[14:54:06] [Sound Library Loader/INFO]: Starting up SoundSystem...
[14:54:06] [Thread-9/INFO]: Initializing LWJGL OpenAL
[14:54:06] [Thread-9/INFO]: (The LWJGL binding of OpenAL.  For more information, see http://www.lwjgl.org)
[14:54:06] [Thread-9/INFO]: OpenAL initialized.
[14:54:06] [Sound Library Loader/INFO]: Sound engine started
[14:54:07] [Client thread/INFO]: Created: 512x512 textures-atlas
[14:54:12] [Client thread/INFO]: Deleting level New World
[14:54:12] [Client thread/INFO]: Attempt 1...
[14:54:14] [Server thread/INFO]: Starting integrated minecraft server version 1.8
[14:54:14] [Server thread/INFO]: Generating keypair
[14:54:14] [Server thread/INFO]: Converting map!
[14:54:14] [Server thread/INFO]: Scanning folders...
[14:54:14] [Server thread/INFO]: Total conversion count is 0
[14:54:15] [Server thread/INFO]: Preparing start region for level 0
[14:54:16] [Server thread/INFO]: Preparing spawn area: 10%
[14:54:17] [Server thread/INFO]: Preparing spawn area: 26%
[14:54:18] [Server thread/INFO]: Preparing spawn area: 42%
[14:54:19] [Server thread/INFO]: Preparing spawn area: 59%
[14:54:20] [Server thread/INFO]: Preparing spawn area: 76%
[14:54:21] [Server thread/INFO]: Preparing spawn area: 93%
[14:54:21] [Server thread/INFO]: Changing view distance to 12, from 10
[14:54:22] [Server thread/INFO]: Player407[local:E:9084bc61] logged in with entity id 445 at (98.5, 76.0, 246.5)
[14:54:22] [Server thread/INFO]: Player407 joined the game
[14:54:28] [Server thread/WARN]: Can't keep up! Did the system time change, or is the server overloaded? Running 3495ms behind, skipping 69 tick(s)
[14:54:46] [Server thread/WARN]: Can't keep up! Did the system time change, or is the server overloaded? Running 3673ms behind, skipping 73 tick(s)
[14:54:58] [Server thread/INFO]: Player407 has just earned the achievement [Taking Inventory]
[14:54:58] [Client thread/INFO]: [CHAT] Player407 has just earned the achievement [Taking Inventory]
[14:55:44] [Server thread/INFO]: Saving and pausing game...
[14:55:44] [Server thread/INFO]: Saving chunks for level 'New World'/Overworld
[14:55:44] [Server thread/INFO]: Saving chunks for level 'New World'/Nether
[14:55:44] [Server thread/INFO]: Saving chunks for level 'New World'/The End
[14:55:45] [Client thread/INFO]: Stopping!
[14:55:45] [Client thread/INFO]: SoundSystem shutting down...
[14:55:45] [Server thread/INFO]: Stopping server
[14:55:46] [Server thread/INFO]: Saving players
[14:55:46] [Server thread/INFO]: Saving worlds
[14:55:46] [Server thread/INFO]: Saving chunks for level 'New World'/Overworld
[14:55:46] [Server thread/INFO]: Saving chunks for level 'New World'/Nether
[14:55:46] [Server thread/INFO]: Saving chunks for level 'New World'/The End
[14:55:46] [Client thread/WARN]: Author: Paul Lamb, www.paulscode.com
[14:55:46] [Client Shutdown Thread/INFO]: Stopping server
[14:55:46] [Client Shutdown Thread/INFO]: Saving players
[14:55:46] [Client Shutdown Thread/INFO]: Saving worlds
[14:55:46] [Client Shutdown Thread/INFO]: Saving chunks for level 'New World'/Overworld
